<?xml version="1.0" encoding="UTF-8"?>
<!-- Generated by org.testng.reporters.JUnitXMLReporter -->
<testsuite hostname="DESKTOP-3EINJNF" ignored="9" name="Default test(failed)" tests="5" failures="5" timestamp="2020-05-20T10:33:39 BST" time="57.114" errors="0">
  <testcase name="OrderDetailsPageNavigation_NoRecords" time="15.051" classname="com.org.automationpractice.myECommerceProject.TC07_CustomerRegistration">
    <failure type="java.lang.IndexOutOfBoundsException" message="Index: 0, Size: 0">
      <![CDATA[java.lang.IndexOutOfBoundsException: Index: 0, Size: 0
at java.util.ArrayList.rangeCheck(Unknown Source)
at java.util.ArrayList.get(Unknown Source)
at BaseScripts.TestBase.Locate(TestBase.java:152)
at PageObjects.MyAccountPage.OrderHistoryBtn(MyAccountPage.java:25)
at com.org.automationpractice.myECommerceProject.TC07_CustomerRegistration.OrderDetailsPageNavigation_NoRecords(TC07_CustomerRegistration.java:165)
at java.util.ArrayList.forEach(Unknown Source)
... Removed 27 stack frames]]>
    </failure>
  </testcase> <!-- OrderDetailsPageNavigation_NoRecords -->
  <testcase name="MyCreditSlipsPageNavigation_NoRecords" time="15.046" classname="com.org.automationpractice.myECommerceProject.TC07_CustomerRegistration">
    <failure type="java.lang.IndexOutOfBoundsException" message="Index: 0, Size: 0">
      <![CDATA[java.lang.IndexOutOfBoundsException: Index: 0, Size: 0
at java.util.ArrayList.rangeCheck(Unknown Source)
at java.util.ArrayList.get(Unknown Source)
at BaseScripts.TestBase.Locate(TestBase.java:152)
at PageObjects.MyAccountPage.MyCreditSlipsBtn(MyAccountPage.java:29)
at com.org.automationpractice.myECommerceProject.TC07_CustomerRegistration.MyCreditSlipsPageNavigation_NoRecords(TC07_CustomerRegistration.java:174)
at java.util.ArrayList.forEach(Unknown Source)
... Removed 27 stack frames]]>
    </failure>
  </testcase> <!-- MyCreditSlipsPageNavigation_NoRecords -->
  <testcase name="MyAddressesPageNavigation_NoRecords" time="15.024" classname="com.org.automationpractice.myECommerceProject.TC07_CustomerRegistration">
    <failure type="java.lang.IndexOutOfBoundsException" message="Index: 0, Size: 0">
      <![CDATA[java.lang.IndexOutOfBoundsException: Index: 0, Size: 0
at java.util.ArrayList.rangeCheck(Unknown Source)
at java.util.ArrayList.get(Unknown Source)
at BaseScripts.TestBase.Locate(TestBase.java:152)
at PageObjects.MyAccountPage.MyAddressBtn(MyAccountPage.java:33)
at com.org.automationpractice.myECommerceProject.TC07_CustomerRegistration.MyAddressesPageNavigation_NoRecords(TC07_CustomerRegistration.java:184)
at java.util.ArrayList.forEach(Unknown Source)
... Removed 27 stack frames]]>
    </failure>
  </testcase> <!-- MyAddressesPageNavigation_NoRecords -->
  <testcase name="ViewPersonalInfoPageNavigation_NoRecords" time="1.593" classname="com.org.automationpractice.myECommerceProject.TC07_CustomerRegistration">
    <failure type="java.lang.IndexOutOfBoundsException" message="Index: 0">
      <![CDATA[java.lang.IndexOutOfBoundsException: Index: 0
at java.util.Collections$EmptyList.get(Unknown Source)
at BaseScripts.TestBase.Locate(TestBase.java:152)
at PageObjects.MyAccountPage.MyPersonalInfoBtn(MyAccountPage.java:37)
at com.org.automationpractice.myECommerceProject.TC07_CustomerRegistration.ViewPersonalInfoPageNavigation_NoRecords(TC07_CustomerRegistration.java:193)
at java.util.ArrayList.forEach(Unknown Source)
... Removed 27 stack frames]]>
    </failure>
  </testcase> <!-- ViewPersonalInfoPageNavigation_NoRecords -->
  <testcase name="MyWishListsPageNavigation_NoRecords" time="0.027" classname="com.org.automationpractice.myECommerceProject.TC07_CustomerRegistration">
    <failure type="org.openqa.selenium.NoSuchWindowException" message="no such window: target window already closed
from unknown error: web view not found
  (Session info: chrome=81.0.4044.138)
Build info: version: &amp;apos;3.141.59&amp;apos;, revision: &amp;apos;e82be7d358&amp;apos;, time: &amp;apos;2018-11-14T08:17:03&amp;apos;
System info: host: &amp;apos;DESKTOP-3EINJNF&amp;apos;, ip: &amp;apos;192.168.0.104&amp;apos;, os.name: &amp;apos;Windows 10&amp;apos;, os.arch: &amp;apos;amd64&amp;apos;, os.version: &amp;apos;10.0&amp;apos;, java.version: &amp;apos;1.8.0_221&amp;apos;
Driver info: org.openqa.selenium.chrome.ChromeDriver
Capabilities {acceptInsecureCerts: false, browserName: chrome, browserVersion: 81.0.4044.138, chrome: {chromedriverVersion: 80.0.3987.106 (f68069574609..., userDataDir: C:\Users\Windows\AppData\Lo...}, goog:chromeOptions: {debuggerAddress: localhost:50645}, javascriptEnabled: true, networkConnectionEnabled: false, pageLoadStrategy: normal, platform: WINDOWS, platformName: WINDOWS, proxy: Proxy(), setWindowRect: true, strictFileInteractability: false, timeouts: {implicit: 0, pageLoad: 300000, script: 30000}, unhandledPromptBehavior: dismiss and notify}
Session ID: 3a7c72c47cfa789e42bcf2a572dc72d9
*** Element info: {Using=css selector, value=div#center_column div:nth-child(2) &amp;gt; ul &amp;gt; li &amp;gt; a &amp;gt; span}">
      <![CDATA[org.openqa.selenium.NoSuchWindowException: no such window: target window already closed
from unknown error: web view not found
  (Session info: chrome=81.0.4044.138)
Build info: version: '3.141.59', revision: 'e82be7d358', time: '2018-11-14T08:17:03'
System info: host: 'DESKTOP-3EINJNF', ip: '192.168.0.104', os.name: 'Windows 10', os.arch: 'amd64', os.version: '10.0', java.version: '1.8.0_221'
Driver info: org.openqa.selenium.chrome.ChromeDriver
Capabilities {acceptInsecureCerts: false, browserName: chrome, browserVersion: 81.0.4044.138, chrome: {chromedriverVersion: 80.0.3987.106 (f68069574609..., userDataDir: C:\Users\Windows\AppData\Lo...}, goog:chromeOptions: {debuggerAddress: localhost:50645}, javascriptEnabled: true, networkConnectionEnabled: false, pageLoadStrategy: normal, platform: WINDOWS, platformName: WINDOWS, proxy: Proxy(), setWindowRect: true, strictFileInteractability: false, timeouts: {implicit: 0, pageLoad: 300000, script: 30000}, unhandledPromptBehavior: dismiss and notify}
Session ID: 3a7c72c47cfa789e42bcf2a572dc72d9
*** Element info: {Using=css selector, value=div#center_column div:nth-child(2) > ul > li > a > span}
at org.openqa.selenium.remote.http.W3CHttpResponseCodec.createException(W3CHttpResponseCodec.java:187)
at org.openqa.selenium.remote.http.W3CHttpResponseCodec.decode(W3CHttpResponseCodec.java:122)
at org.openqa.selenium.remote.http.W3CHttpResponseCodec.decode(W3CHttpResponseCodec.java:49)
at org.openqa.selenium.remote.HttpCommandExecutor.execute(HttpCommandExecutor.java:158)
at org.openqa.selenium.remote.service.DriverCommandExecutor.execute(DriverCommandExecutor.java:83)
at org.openqa.selenium.remote.RemoteWebDriver.execute(RemoteWebDriver.java:552)
at org.openqa.selenium.remote.RemoteWebDriver.findElements(RemoteWebDriver.java:353)
at org.openqa.selenium.remote.RemoteWebDriver.findElementsByCssSelector(RemoteWebDriver.java:424)
at org.openqa.selenium.By$ByCssSelector.findElements(By.java:441)
at org.openqa.selenium.remote.RemoteWebDriver.findElements(RemoteWebDriver.java:311)
at BaseScripts.TestBase.Locate(TestBase.java:143)
at PageObjects.MyAccountPage.MyWishLists(MyAccountPage.java:41)
at com.org.automationpractice.myECommerceProject.TC07_CustomerRegistration.MyWishListsPageNavigation_NoRecords(TC07_CustomerRegistration.java:202)
at java.util.ArrayList.forEach(Unknown Source)
... Removed 31 stack frames]]>
    </failure>
  </testcase> <!-- MyWishListsPageNavigation_NoRecords -->
  <testcase name="SignIn" time="0.0" classname="com.org.automationpractice.myECommerceProject.TC07_CustomerRegistration">
    <ignored/>
  </testcase> <!-- SignIn -->
  <testcase name="SignOutFunctionality" time="0.0" classname="com.org.automationpractice.myECommerceProject.TC07_CustomerRegistration">
    <ignored/>
  </testcase> <!-- SignOutFunctionality -->
  <testcase name="PerDet_CustGen" time="0.0" classname="com.org.automationpractice.myECommerceProject.TC07_CustomerRegistration">
    <ignored/>
  </testcase> <!-- PerDet_CustGen -->
  <testcase name="CloseBrowser" time="0.0" classname="com.org.automationpractice.myECommerceProject.TC07_CustomerRegistration">
    <ignored/>
  </testcase> <!-- CloseBrowser -->
  <testcase name="CustomerRegistration" time="0.0" classname="com.org.automationpractice.myECommerceProject.TC07_CustomerRegistration">
    <ignored/>
  </testcase> <!-- CustomerRegistration -->
  <testcase name="ContactUsLink" time="0.0" classname="com.org.automationpractice.myECommerceProject.TC07_CustomerRegistration">
    <ignored/>
  </testcase> <!-- ContactUsLink -->
  <testcase name="CartBtn" time="0.0" classname="com.org.automationpractice.myECommerceProject.TC07_CustomerRegistration">
    <ignored/>
  </testcase> <!-- CartBtn -->
  <testcase name="Create_ExistingCustomer" time="0.0" classname="com.org.automationpractice.myECommerceProject.TC07_CustomerRegistration">
    <ignored/>
  </testcase> <!-- Create_ExistingCustomer -->
  <testcase name="LaunchApplication" time="0.0" classname="com.org.automationpractice.myECommerceProject.TC07_CustomerRegistration">
    <ignored/>
  </testcase> <!-- LaunchApplication -->
</testsuite> <!-- Default test(failed) -->
